<?xml version="1.0" encoding="UTF-8"?>
<!-- Generated by org.testng.reporters.JUnitReportReporter -->
<testsuite hostname="ceko-PC" name="UnitTests.TestDataProviderTests" tests="2" failures="0" timestamp="16 Aug 2016 19:29:56 GMT" time="0.052" errors="0">
  <testcase name="testProductID" time="0.049" classname="UnitTests.TestDataProviderTests"/>
  <testcase name="testUserName" time="0.003" classname="UnitTests.TestDataProviderTests"/>
</testsuite> <!-- UnitTests.TestDataProviderTests -->
