<?xml version="1.0" encoding="UTF-8"?>
<!-- Generated by org.testng.reporters.JUnitReportReporter -->
<testsuite hostname="ceko-PC" name="UnitTests.RunConfigurationTests" tests="2" failures="0" timestamp="17 Aug 2016 07:15:11 GMT" time="0.020" errors="0">
  <testcase name="testIEBrowserPath" time="0.017" classname="UnitTests.RunConfigurationTests"/>
  <testcase name="testPageLoadTimeout" time="0.003" classname="UnitTests.RunConfigurationTests"/>
</testsuite> <!-- UnitTests.RunConfigurationTests -->
