<?xml version="1.0" encoding="UTF-8"?>
<!-- Generated by org.testng.reporters.JUnitReportReporter -->
<testsuite hostname="ceko-PC" name="UnitTests.RunConfigurationTests" tests="2" failures="0" timestamp="16 Aug 2016 19:30:08 GMT" time="0.026" errors="0">
  <testcase name="testPageLoadTimeout" time="0.003" classname="UnitTests.RunConfigurationTests"/>
  <testcase name="testIEBrowserPath" time="0.023" classname="UnitTests.RunConfigurationTests"/>
</testsuite> <!-- UnitTests.RunConfigurationTests -->
