<?xml version="1.0" encoding="UTF-8"?>
<!-- Generated by org.testng.reporters.JUnitReportReporter -->
<testsuite hostname="ceko-PC" name="Tests.LoginTests.LoginTests" tests="1" failures="0" timestamp="23 Aug 2016 06:34:05 GMT" time="5.181" errors="0">
  <testcase name="invalidLogin" time="5.181" classname="Tests.LoginTests.LoginTests"/>
</testsuite> <!-- Tests.LoginTests.LoginTests -->
