<?xml version="1.0" encoding="UTF-8"?>
<!-- Generated by org.testng.reporters.JUnitReportReporter -->
<testsuite hostname="ceko-PC" name="Tests.HomePageTests.HomePageTests" tests="2" failures="0" timestamp="23 Aug 2016 06:34:05 GMT" time="23.236" errors="0">
  <testcase name="verifyMyAccountLinkPresent" time="9.670" classname="Tests.HomePageTests.HomePageTests"/>
  <testcase name="verifyLoginNavigation" time="13.566" classname="Tests.HomePageTests.HomePageTests"/>
</testsuite> <!-- Tests.HomePageTests.HomePageTests -->
