<?xml version="1.0" encoding="UTF-8"?>
<!-- Generated by org.testng.reporters.JUnitReportReporter -->
<testsuite hostname="ceko-PC" name="Tests.LoginTests.LoginTests" tests="1" failures="0" timestamp="22 Aug 2016 00:13:45 GMT" time="8.696" errors="0">
  <testcase name="invalidLogin" time="8.696" classname="Tests.LoginTests.LoginTests"/>
</testsuite> <!-- Tests.LoginTests.LoginTests -->
