<?xml version="1.0" encoding="UTF-8"?>
<!-- Generated by org.testng.reporters.JUnitReportReporter -->
<testsuite hostname="ceko-PC" name="UnitTests.BrowserFactoryTests" tests="2" failures="0" timestamp="20 Aug 2016 07:17:46 GMT" time="6.929" errors="0">
  <testcase name="browserFactoryInitTest" time="6.926" classname="UnitTests.BrowserFactoryTests"/>
  <testcase name="browserFactoryWebDriverInstanceTest" time="0.003" classname="UnitTests.BrowserFactoryTests"/>
</testsuite> <!-- UnitTests.BrowserFactoryTests -->
