<?xml version="1.0" encoding="UTF-8"?>
<!-- Generated by org.testng.reporters.JUnitReportReporter -->
<testsuite hostname="ceko-PC" name="UnitTests.TestDataProviderTests" tests="2" failures="0" timestamp="20 Aug 2016 07:18:19 GMT" time="0.061" errors="0">
  <testcase name="testUserName" time="0.005" classname="UnitTests.TestDataProviderTests"/>
  <testcase name="testProductID" time="0.056" classname="UnitTests.TestDataProviderTests"/>
</testsuite> <!-- UnitTests.TestDataProviderTests -->
