<?xml version="1.0" encoding="UTF-8"?>
<!-- Generated by org.testng.reporters.JUnitReportReporter -->
<testsuite hostname="ceko-PC" name="Tests.HomePageTests.HomePageTests" tests="2" failures="0" timestamp="22 Aug 2016 00:13:45 GMT" time="37.249" errors="0">
  <testcase name="verifyLoginNavigation" time="8.051" classname="Tests.HomePageTests.HomePageTests"/>
  <testcase name="verifyMyAccountLinkPresent" time="29.198" classname="Tests.HomePageTests.HomePageTests"/>
</testsuite> <!-- Tests.HomePageTests.HomePageTests -->
