<?xml version="1.0" encoding="UTF-8"?>
<!-- Generated by org.testng.reporters.JUnitReportReporter -->
<testsuite hostname="ceko-PC" name="UnitTests.DataProviderFactoryTests" tests="2" failures="0" timestamp="20 Aug 2016 07:18:04 GMT" time="1.091" errors="0">
  <testcase name="dataProviderInstaceTest" time="0.003" classname="UnitTests.DataProviderFactoryTests"/>
  <testcase name="dataProviderInitTests" time="1.088" classname="UnitTests.DataProviderFactoryTests"/>
</testsuite> <!-- UnitTests.DataProviderFactoryTests -->
