<?xml version="1.0" encoding="UTF-8"?>
<!-- Generated by org.testng.reporters.JUnitReportReporter -->
<testsuite hostname="ceko-PC" name="UnitTests.TestDataProviderTests" tests="2" failures="0" timestamp="17 Aug 2016 07:15:21 GMT" time="0.054" errors="0">
  <testcase name="testProductID" time="0.048" classname="UnitTests.TestDataProviderTests"/>
  <testcase name="testUserName" time="0.006" classname="UnitTests.TestDataProviderTests"/>
</testsuite> <!-- UnitTests.TestDataProviderTests -->
