<?xml version="1.0" encoding="UTF-8"?>
<!-- Generated by org.testng.reporters.JUnitReportReporter -->
<testsuite hostname="ceko-PC" name="UnitTests.RunConfigurationTests" tests="2" failures="0" timestamp="20 Aug 2016 07:18:11 GMT" time="0.065" errors="0">
  <testcase name="testIEBrowserPath" time="0.061" classname="UnitTests.RunConfigurationTests"/>
  <testcase name="testPageLoadTimeout" time="0.004" classname="UnitTests.RunConfigurationTests"/>
</testsuite> <!-- UnitTests.RunConfigurationTests -->
